
Cadence Innovus(TM) Implementation System.
Copyright 2021 Cadence Design Systems, Inc. All rights reserved worldwide.

Version:	v21.35-s114_1, built Thu Oct 13 12:11:47 PDT 2022
Options:	-file place_route.tcl 
Date:		Thu Dec 18 12:05:27 2025
Host:		pc231.ee.hacettepe.edu.tr (x86_64 w/Linux 3.10.0-1160.119.1.el7.x86_64) (8cores*8cpus*Intel(R) Core(TM) i7-9700K CPU @ 3.60GHz 12288KB)
OS:		CentOS Linux release 7.9.2009 (Core)

License:
		[12:05:27.377225] Configured Lic search path (21.01-s002): 5280@193.140.221.209

		invs	Innovus Implementation System	21.1	checkout succeeded
		8 CPU jobs allowed with the current license(s). Use setMultiCpuUsage to set your required CPU count.
Change the soft stacksize limit to 0.2%RAM (63 mbytes). Set global soft_stack_size_limit to change the value.

**INFO:  MMMC transition support version v31-84 

<CMD> set_global _enable_mmmc_by_default_flow      $CTE::mmmc_default
<CMD> suppressMessage ENCEXT-2799
<CMD> getVersion
[INFO] Loading PVS 23.10 fill procedures
Sourcing file "place_route.tcl" ...
<CMD> set init_lef_file {../pdk/sky130A/libs.ref/sky130_fd_sc_hd/lef/sky130_fd_sc_hd__tech.lef ../pdk/sky130A/libs.ref/sky130_fd_sc_hd/lef/sky130_fd_sc_hd.lef ../pdk/sky130A/libs.ref/sky130_sram_macros/sky130_sram_macros.lef}
<CMD> set init_verilog outputs/core_netlist.v
<CMD> set init_top_cell custom_riscv_core
<CMD> set init_pwr_net VDD
<CMD> set init_gnd_net VSS
<CMD> set init_mmmc_file mmmc.tcl
<CMD> init_design
#% Begin Load MMMC data ... (date=12/18 12:05:41, mem=799.5M)
<CMD> set init_mmmc_file mmmc_simple.tcl
<CMD> init_design
% Begin Load MMMC data ... (date=12/18 12:05:41, mem=799.5M)
% End Load MMMC data ... (date=12/18 12:05:41, total cpu=0:00:00.0, real=0:00:00.0, peak res=800.5M, current mem=800.5M)
**ERROR: (IMPSYT-16038):	The specified file '../pdk/sky130A/libs.ref/sky130_fd_sc_hd/lef/sky130_fd_sc_hd__tech.lef' could not be found. Check your file system, correct the file name.
**ERROR: (IMPSYT-16038):	The specified file '../pdk/sky130A/libs.ref/sky130_sram_macros/sky130_sram_macros.lef' could not be found. Check your file system, correct the file name.

Loading LEF file ../pdk/sky130A/libs.ref/sky130_fd_sc_hd/lef/sky130_fd_sc_hd.lef ...
WARNING (LEFPARS-2008): NOWIREEXTENSIONATPIN statement is obsolete in version 5.6 or later.
The NOWIREEXTENSIONATPIN statement will be ignored. See file ../pdk/sky130A/libs.ref/sky130_fd_sc_hd/lef/sky130_fd_sc_hd.lef at line 2.
**ERROR: (IMPLF-53):	The layer 'li1' referenced in pin 'A1_N' in macro 'sky130_fd_sc_hd__a2bb2o_1' is not found in the database. A layer must be defined in the LEF technology LAYER section before it can be referenced from a macro. Review the LEF files specified in the init_lef_file variable to see if the layer does not exist or is specified after the one that defines the macro.
Type 'man IMPLF-53' for more detail.
**ERROR: (IMPLF-3):	Error found when processing LEF file '../pdk/sky130A/libs.ref/sky130_fd_sc_hd/lef/sky130_fd_sc_hd.lef'. The subsequent file content is ignored. Refer to error messages above for details. Fix the errors, and restart 'Innovus'.
Type 'man IMPLF-3' for more detail.
**ERROR: (IMPLF-26):	No technology information is defined in the first LEF file.
Please rearrange the LEF file order and make sure the technology LEF file is the
first one, exit and restart Innovus.
**ERROR: (IMPLF-26):	No technology information is defined in the first LEF file.
Please rearrange the LEF file order and make sure the technology LEF file is the
first one, exit and restart Innovus.
**ERROR: (IMPSYT-16013):	Loading LEF file(s) failed, and has aborted. Refer to error messages above for details. Please exit the tools and fix the errors first, then re-load design again.
**ERROR: (IMPSYT-6692):	Invalid return code while executing 'place_route.tcl' was returned and script processing was stopped. Review the following error in 'place_route.tcl' then restart.
Error info: place_route.tcl: 
    while executing
"error $msg"
    (procedure "apply_design" line 34)
    invoked from within
"apply_design $loadViewDefinition"
    (procedure "init_design" line 405)
    invoked from within
"init_design"
    invoked from within
"if {[catch {init_design} err]} {
    puts "Error with main MMMC: $err"
    puts "Trying simple MMMC..."
    set init_mmmc_file mmmc_simple.tcl
    ini..."
    (file "place_route.tcl" line 57)
    invoked from within
"::se_source_orig place_route.tcl"
    ("uplevel" body line 1)
    invoked from within
"uplevel [concat ::se_source_orig $args]"
    (procedure "source" line 188)
    invoked from within
"source place_route.tcl"
    ("uplevel" body line 1)
    invoked from within
"uplevel #0 source place_route.tcl"
    ("eval" body line 1)
    invoked from within
"eval {uplevel #0 source place_route.tcl}"
    (in namespace inscope "::" script line 1)
    invoked from within
"namespace inscope :: eval "uplevel #0 source $fileName"".
<CMD> win

--------------------------------------------------------------------------------
Exiting Innovus on Thu Dec 18 12:08:59 2025
  Total CPU time:     0:00:58
  Total real time:    0:03:33
  Peak memory (main): 821.11MB


*** Memory Usage v#1 (Current mem = 1010.297M, initial mem = 484.027M) ***
*** Message Summary: 0 warning(s), 8 error(s)

--- Ending "Innovus" (totcpu=0:00:58.1, real=0:03:32, mem=1010.3M) ---
