============================================================
  Generated by:           Genus(TM) Synthesis Solution 21.18-s082_1
  Generated on:           Dec 18 2025  12:04:45 pm
  Module:                 custom_riscv_core
  Technology libraries:   sky130_fd_sc_hd__tt_025C_1v80 1.0000000000
                          sky130_fd_sc_hd__tt_025C_1v80 1.0000000000
  Operating conditions:   tt_025C_1v80 (balanced_tree)
  Wireload mode:          top
  Area mode:              timing library
============================================================

                                                  
           Gate             Instances     Area                 Library             
-----------------------------------------------------------------------------------
sky130_fd_sc_hd__a2111oi_0          1       8.758    sky130_fd_sc_hd__tt_025C_1v80 
sky130_fd_sc_hd__a211o_1            6      52.550    sky130_fd_sc_hd__tt_025C_1v80 
sky130_fd_sc_hd__a211oi_1          11      82.579    sky130_fd_sc_hd__tt_025C_1v80 
sky130_fd_sc_hd__a21boi_0           6      45.043    sky130_fd_sc_hd__tt_025C_1v80 
sky130_fd_sc_hd__a21boi_1         125     938.400    sky130_fd_sc_hd__tt_025C_1v80 
sky130_fd_sc_hd__a21o_1            28     210.202    sky130_fd_sc_hd__tt_025C_1v80 
sky130_fd_sc_hd__a21o_4             2      30.029    sky130_fd_sc_hd__tt_025C_1v80 
sky130_fd_sc_hd__a21oi_1          245    1226.176    sky130_fd_sc_hd__tt_025C_1v80 
sky130_fd_sc_hd__a21oi_2            1       8.758    sky130_fd_sc_hd__tt_025C_1v80 
sky130_fd_sc_hd__a221o_1          209    2092.006    sky130_fd_sc_hd__tt_025C_1v80 
sky130_fd_sc_hd__a221oi_1          56     490.470    sky130_fd_sc_hd__tt_025C_1v80 
sky130_fd_sc_hd__a222oi_1         485    4854.656    sky130_fd_sc_hd__tt_025C_1v80 
sky130_fd_sc_hd__a22o_1           560    4904.704    sky130_fd_sc_hd__tt_025C_1v80 
sky130_fd_sc_hd__a22oi_1         1169    8775.917    sky130_fd_sc_hd__tt_025C_1v80 
sky130_fd_sc_hd__a22oi_2            1      12.512    sky130_fd_sc_hd__tt_025C_1v80 
sky130_fd_sc_hd__a2bb2oi_1         17     148.893    sky130_fd_sc_hd__tt_025C_1v80 
sky130_fd_sc_hd__a311o_1            1      10.010    sky130_fd_sc_hd__tt_025C_1v80 
sky130_fd_sc_hd__a311oi_1           1       8.758    sky130_fd_sc_hd__tt_025C_1v80 
sky130_fd_sc_hd__a31o_1             1       8.758    sky130_fd_sc_hd__tt_025C_1v80 
sky130_fd_sc_hd__a31o_2             2      17.517    sky130_fd_sc_hd__tt_025C_1v80 
sky130_fd_sc_hd__a31oi_1           15      93.840    sky130_fd_sc_hd__tt_025C_1v80 
sky130_fd_sc_hd__a32o_1            14     140.134    sky130_fd_sc_hd__tt_025C_1v80 
sky130_fd_sc_hd__a32oi_1            4      35.034    sky130_fd_sc_hd__tt_025C_1v80 
sky130_fd_sc_hd__and2_0            41     256.496    sky130_fd_sc_hd__tt_025C_1v80 
sky130_fd_sc_hd__and2_1            37     231.472    sky130_fd_sc_hd__tt_025C_1v80 
sky130_fd_sc_hd__and2_2            19     142.637    sky130_fd_sc_hd__tt_025C_1v80 
sky130_fd_sc_hd__and2_4            49     429.162    sky130_fd_sc_hd__tt_025C_1v80 
sky130_fd_sc_hd__and2b_1            1       7.507    sky130_fd_sc_hd__tt_025C_1v80 
sky130_fd_sc_hd__and2b_4            4      40.038    sky130_fd_sc_hd__tt_025C_1v80 
sky130_fd_sc_hd__and3_1            53     331.568    sky130_fd_sc_hd__tt_025C_1v80 
sky130_fd_sc_hd__and3_2             1       7.507    sky130_fd_sc_hd__tt_025C_1v80 
sky130_fd_sc_hd__and3_4             3      33.782    sky130_fd_sc_hd__tt_025C_1v80 
sky130_fd_sc_hd__and3b_1            6      52.550    sky130_fd_sc_hd__tt_025C_1v80 
sky130_fd_sc_hd__and3b_2            1      10.010    sky130_fd_sc_hd__tt_025C_1v80 
sky130_fd_sc_hd__and3b_4            1      12.512    sky130_fd_sc_hd__tt_025C_1v80 
sky130_fd_sc_hd__and4_1            10      87.584    sky130_fd_sc_hd__tt_025C_1v80 
sky130_fd_sc_hd__and4b_1            4      40.038    sky130_fd_sc_hd__tt_025C_1v80 
sky130_fd_sc_hd__buf_1              2       7.507    sky130_fd_sc_hd__tt_025C_1v80 
sky130_fd_sc_hd__buf_6              2      22.522    sky130_fd_sc_hd__tt_025C_1v80 
sky130_fd_sc_hd__clkbuf_2           1       5.005    sky130_fd_sc_hd__tt_025C_1v80 
sky130_fd_sc_hd__clkinv_1          46     172.666    sky130_fd_sc_hd__tt_025C_1v80 
sky130_fd_sc_hd__clkinv_4           1       8.758    sky130_fd_sc_hd__tt_025C_1v80 
sky130_fd_sc_hd__clkinv_8           1      16.266    sky130_fd_sc_hd__tt_025C_1v80 
sky130_fd_sc_hd__dfxbp_1            7     166.410    sky130_fd_sc_hd__tt_025C_1v80 
sky130_fd_sc_hd__dfxbp_2            5     131.376    sky130_fd_sc_hd__tt_025C_1v80 
sky130_fd_sc_hd__dfxtp_1         2079   41619.915    sky130_fd_sc_hd__tt_025C_1v80 
sky130_fd_sc_hd__dfxtp_2            2      42.541    sky130_fd_sc_hd__tt_025C_1v80 
sky130_fd_sc_hd__fa_1              18     360.346    sky130_fd_sc_hd__tt_025C_1v80 
sky130_fd_sc_hd__ha_1              87    1088.544    sky130_fd_sc_hd__tt_025C_1v80 
sky130_fd_sc_hd__inv_1            380    1426.368    sky130_fd_sc_hd__tt_025C_1v80 
sky130_fd_sc_hd__inv_2            268    1005.965    sky130_fd_sc_hd__tt_025C_1v80 
sky130_fd_sc_hd__inv_4              3      18.768    sky130_fd_sc_hd__tt_025C_1v80 
sky130_fd_sc_hd__inv_6              2      17.517    sky130_fd_sc_hd__tt_025C_1v80 
sky130_fd_sc_hd__inv_8              1      11.261    sky130_fd_sc_hd__tt_025C_1v80 
sky130_fd_sc_hd__maj3_1             2      20.019    sky130_fd_sc_hd__tt_025C_1v80 
sky130_fd_sc_hd__mux2_1             1      11.261    sky130_fd_sc_hd__tt_025C_1v80 
sky130_fd_sc_hd__mux2_2            12     135.130    sky130_fd_sc_hd__tt_025C_1v80 
sky130_fd_sc_hd__mux2i_1           12     120.115    sky130_fd_sc_hd__tt_025C_1v80 
sky130_fd_sc_hd__nand2_1         1352    5074.867    sky130_fd_sc_hd__tt_025C_1v80 
sky130_fd_sc_hd__nand2_2            6      37.536    sky130_fd_sc_hd__tt_025C_1v80 
sky130_fd_sc_hd__nand2_4            3      33.782    sky130_fd_sc_hd__tt_025C_1v80 
sky130_fd_sc_hd__nand2b_1         166    1038.496    sky130_fd_sc_hd__tt_025C_1v80 
sky130_fd_sc_hd__nand3_1          114     570.547    sky130_fd_sc_hd__tt_025C_1v80 
sky130_fd_sc_hd__nand3_2            2      20.019    sky130_fd_sc_hd__tt_025C_1v80 
sky130_fd_sc_hd__nand3b_1          15     112.608    sky130_fd_sc_hd__tt_025C_1v80 
sky130_fd_sc_hd__nand4_1          246    1538.976    sky130_fd_sc_hd__tt_025C_1v80 
sky130_fd_sc_hd__nand4_2            1      12.512    sky130_fd_sc_hd__tt_025C_1v80 
sky130_fd_sc_hd__nand4b_1           9      78.826    sky130_fd_sc_hd__tt_025C_1v80 
sky130_fd_sc_hd__nor2_1           690    2589.984    sky130_fd_sc_hd__tt_025C_1v80 
sky130_fd_sc_hd__nor2_2             5      31.280    sky130_fd_sc_hd__tt_025C_1v80 
sky130_fd_sc_hd__nor2_4             1      11.261    sky130_fd_sc_hd__tt_025C_1v80 
sky130_fd_sc_hd__nor2b_1           98     613.088    sky130_fd_sc_hd__tt_025C_1v80 
sky130_fd_sc_hd__nor3_1            32     160.154    sky130_fd_sc_hd__tt_025C_1v80 
sky130_fd_sc_hd__nor3b_1            6      45.043    sky130_fd_sc_hd__tt_025C_1v80 
sky130_fd_sc_hd__nor3b_2            1      12.512    sky130_fd_sc_hd__tt_025C_1v80 
sky130_fd_sc_hd__nor4_1            28     175.168    sky130_fd_sc_hd__tt_025C_1v80 
sky130_fd_sc_hd__nor4b_1            3      26.275    sky130_fd_sc_hd__tt_025C_1v80 
sky130_fd_sc_hd__nor4bb_1           2      20.019    sky130_fd_sc_hd__tt_025C_1v80 
sky130_fd_sc_hd__o2111a_1           1      11.261    sky130_fd_sc_hd__tt_025C_1v80 
sky130_fd_sc_hd__o2111ai_1         20     175.168    sky130_fd_sc_hd__tt_025C_1v80 
sky130_fd_sc_hd__o211a_1            7      70.067    sky130_fd_sc_hd__tt_025C_1v80 
sky130_fd_sc_hd__o211ai_1          13      97.594    sky130_fd_sc_hd__tt_025C_1v80 
sky130_fd_sc_hd__o21a_1            57     427.910    sky130_fd_sc_hd__tt_025C_1v80 
sky130_fd_sc_hd__o21ai_0           47     235.226    sky130_fd_sc_hd__tt_025C_1v80 
sky130_fd_sc_hd__o21ai_1          261    1306.253    sky130_fd_sc_hd__tt_025C_1v80 
sky130_fd_sc_hd__o21bai_1           8      60.058    sky130_fd_sc_hd__tt_025C_1v80 
sky130_fd_sc_hd__o221a_2            5      56.304    sky130_fd_sc_hd__tt_025C_1v80 
sky130_fd_sc_hd__o221ai_1          24     210.202    sky130_fd_sc_hd__tt_025C_1v80 
sky130_fd_sc_hd__o22a_1             6      52.550    sky130_fd_sc_hd__tt_025C_1v80 
sky130_fd_sc_hd__o22ai_1           65     406.640    sky130_fd_sc_hd__tt_025C_1v80 
sky130_fd_sc_hd__o2bb2a_1           1      10.010    sky130_fd_sc_hd__tt_025C_1v80 
sky130_fd_sc_hd__o2bb2ai_1       1192   10440.013    sky130_fd_sc_hd__tt_025C_1v80 
sky130_fd_sc_hd__o311ai_1           1       8.758    sky130_fd_sc_hd__tt_025C_1v80 
sky130_fd_sc_hd__o31a_1             5      43.792    sky130_fd_sc_hd__tt_025C_1v80 
sky130_fd_sc_hd__o31ai_1            4      30.029    sky130_fd_sc_hd__tt_025C_1v80 
sky130_fd_sc_hd__o32ai_1            6      52.550    sky130_fd_sc_hd__tt_025C_1v80 
sky130_fd_sc_hd__or2_0             14      87.584    sky130_fd_sc_hd__tt_025C_1v80 
sky130_fd_sc_hd__or2_1            156     975.936    sky130_fd_sc_hd__tt_025C_1v80 
sky130_fd_sc_hd__or2_2             27     168.912    sky130_fd_sc_hd__tt_025C_1v80 
sky130_fd_sc_hd__or2_4              1       8.758    sky130_fd_sc_hd__tt_025C_1v80 
sky130_fd_sc_hd__or3_1             18     112.608    sky130_fd_sc_hd__tt_025C_1v80 
sky130_fd_sc_hd__or3b_1             6      52.550    sky130_fd_sc_hd__tt_025C_1v80 
sky130_fd_sc_hd__or3b_2             2      17.517    sky130_fd_sc_hd__tt_025C_1v80 
sky130_fd_sc_hd__or3b_4            10     112.608    sky130_fd_sc_hd__tt_025C_1v80 
sky130_fd_sc_hd__or4_1              8      60.058    sky130_fd_sc_hd__tt_025C_1v80 
sky130_fd_sc_hd__or4b_1             2      20.019    sky130_fd_sc_hd__tt_025C_1v80 
sky130_fd_sc_hd__or4b_2             1      10.010    sky130_fd_sc_hd__tt_025C_1v80 
sky130_fd_sc_hd__sdfxtp_1          64    1681.613    sky130_fd_sc_hd__tt_025C_1v80 
sky130_fd_sc_hd__sdfxtp_2           2      55.053    sky130_fd_sc_hd__tt_025C_1v80 
sky130_fd_sc_hd__sdfxtp_4           2      60.058    sky130_fd_sc_hd__tt_025C_1v80 
sky130_fd_sc_hd__xnor2_1           10      87.584    sky130_fd_sc_hd__tt_025C_1v80 
sky130_fd_sc_hd__xor2_1            86     753.222    sky130_fd_sc_hd__tt_025C_1v80 
sky130_fd_sc_hd__xor3_1             1      23.773    sky130_fd_sc_hd__tt_025C_1v80 
-----------------------------------------------------------------------------------
total                           11035  102472.027                                  


                                           
     Type      Instances    Area    Area % 
-------------------------------------------
sequential          2161  43756.964   42.7 
inverter             702   2677.568    2.6 
buffer                 5     35.034    0.0 
logic               8167  56002.461   54.7 
physical_cells         0      0.000    0.0 
-------------------------------------------
total              11035 102472.027  100.0 

