
Power Net Detected:
        Voltage	    Name
             0V	    VSS
           1.8V	    VDD
Using Power View: SINGLE_VIEW.
AAE_INFO: opIsDesignInPostRouteState() is 1
#################################################################################
# Design Stage: PostRoute
# Design Name: custom_riscv_core
# Design Mode: 90nm
# Analysis Mode: MMMC Non-OCV 
# Parasitics Mode: SPEF/RCDB 
# Signoff Settings: SI Off 
#################################################################################
Calculate delays in Single mode...
Start delay calculation (fullDC) (1 T). (MEM=2386.28)
Total number of fetched objects 11834
AAE_INFO: Total number of nets for which stage creation was skipped for all views 0
End delay calculation. (MEM=2397.79 CPU=0:00:01.1 REAL=0:00:01.0)
End delay calculation (fullDC). (MEM=2397.79 CPU=0:00:01.3 REAL=0:00:01.0)
Load RC corner of view SINGLE_VIEW

Begin Power Analysis

             0V	    VSS
           1.8V	    VDD

Warning:
  There are 2 power/gnd nets that are not connected
VSS VDD ...
Use 'globalNetConnect' to define rail connections.
** WARN:  (VOLTUS_POWR-2035): There are 2 power/gnd nets that are not connected
VSS VDD ...
Use 'globalNetConnect' to define rail connections.



Begin Processing Timing Library for Power Calculation

Begin Processing Timing Library for Power Calculation



Begin Processing Power Net/Grid for Power Calculation

Ended Processing Power Net/Grid for Power Calculation: (cpu=0:00:00, real=0:00:00, mem(process/total/peak)=1833.24MB/3885.59MB/2175.62MB)

Begin Processing Timing Window Data for Power Calculation

sys_clk(100MHz) CK: assigning clock sys_clk to net clk
Ended Processing Timing Window Data for Power Calculation: (cpu=0:00:00, real=0:00:00, mem(process/total/peak)=1833.88MB/3885.59MB/2175.62MB)

Begin Processing User Attributes

Ended Processing User Attributes: (cpu=0:00:00, real=0:00:00, mem(process/total/peak)=1833.94MB/3885.59MB/2175.62MB)

Begin Processing Signal Activity


Starting Levelizing
2025-Dec-18 16:34:43 (2025-Dec-18 13:34:43 GMT)
2025-Dec-18 16:34:43 (2025-Dec-18 13:34:43 GMT): 10%
2025-Dec-18 16:34:43 (2025-Dec-18 13:34:43 GMT): 20%
2025-Dec-18 16:34:43 (2025-Dec-18 13:34:43 GMT): 30%
2025-Dec-18 16:34:43 (2025-Dec-18 13:34:43 GMT): 40%
2025-Dec-18 16:34:43 (2025-Dec-18 13:34:43 GMT): 50%
2025-Dec-18 16:34:43 (2025-Dec-18 13:34:43 GMT): 60%
2025-Dec-18 16:34:43 (2025-Dec-18 13:34:43 GMT): 70%
2025-Dec-18 16:34:43 (2025-Dec-18 13:34:43 GMT): 80%
2025-Dec-18 16:34:43 (2025-Dec-18 13:34:43 GMT): 90%

Finished Levelizing
2025-Dec-18 16:34:44 (2025-Dec-18 13:34:44 GMT)

Starting Activity Propagation
2025-Dec-18 16:34:44 (2025-Dec-18 13:34:44 GMT)
** INFO:  (VOLTUS_POWR-1356): No default input activity has been set. Defaulting to 0.2.
Use 'set_default_switching_activity -input_activity' command to change the default activity value.

2025-Dec-18 16:34:44 (2025-Dec-18 13:34:44 GMT): 10%
2025-Dec-18 16:34:44 (2025-Dec-18 13:34:44 GMT): 20%

Finished Activity Propagation
2025-Dec-18 16:34:44 (2025-Dec-18 13:34:44 GMT)
Ended Processing Signal Activity: (cpu=0:00:00, real=0:00:00, mem(process/total/peak)=1835.15MB/3885.59MB/2175.62MB)

Begin Power Computation

      ----------------------------------------------------------
      # of cell(s) missing both power/leakage table: 0
      # of cell(s) missing power table: 0
      # of cell(s) missing leakage table: 0
      ----------------------------------------------------------



Starting Calculating power
2025-Dec-18 16:34:44 (2025-Dec-18 13:34:44 GMT)
 ... Calculating switching power
  Cannot locate supply power rail for net 'FE_PSN400_n_4615' of instance
FE_PSC400_n_4615
  Cannot locate supply power rail for net 'FE_PSN399_rs2_data_17' of
instance FE_PSC399_rs2_data_17
  Cannot locate supply power rail for net 'FE_PSN398_SUB_UNS_OP5_n_460' of
instance FE_PSC398_SUB_UNS_OP5_n_460
  Cannot locate supply power rail for net 'FE_PSN397_n_4484' of instance
FE_PSC397_n_4484
  Cannot locate supply power rail for net 'FE_PSN396_SUB_UNS_OP5_n_335' of
instance FE_PSC396_SUB_UNS_OP5_n_335
  only first five unconnected nets are listed...
2025-Dec-18 16:34:44 (2025-Dec-18 13:34:44 GMT): 10%
2025-Dec-18 16:34:44 (2025-Dec-18 13:34:44 GMT): 20%
2025-Dec-18 16:34:44 (2025-Dec-18 13:34:44 GMT): 30%
2025-Dec-18 16:34:44 (2025-Dec-18 13:34:44 GMT): 40%
2025-Dec-18 16:34:44 (2025-Dec-18 13:34:44 GMT): 50%
 ... Calculating internal and leakage power
2025-Dec-18 16:34:44 (2025-Dec-18 13:34:44 GMT): 60%
2025-Dec-18 16:34:44 (2025-Dec-18 13:34:44 GMT): 70%
2025-Dec-18 16:34:44 (2025-Dec-18 13:34:44 GMT): 80%
2025-Dec-18 16:34:44 (2025-Dec-18 13:34:44 GMT): 90%

Finished Calculating power
2025-Dec-18 16:34:45 (2025-Dec-18 13:34:45 GMT)
      # of MSMV cell(s) missing power_level: 0
Ended Power Computation: (cpu=0:00:01, real=0:00:00, mem(process/total/peak)=1837.18MB/3893.60MB/2175.62MB)

Begin Processing User Attributes

Ended Processing User Attributes: (cpu=0:00:00, real=0:00:00, mem(process/total/peak)=1837.18MB/3893.60MB/2175.62MB)

Ended Power Analysis: (cpu=0:00:01, real=0:00:01, mem(process/total/peak)=1837.24MB/3893.60MB/2175.62MB)

Begin Boundary Leakage Calculation
Ended Boundary Leakage Calculation: (cpu=0:00:00, real=0:00:00,
mem(process/total/peak)=1837.25MB/3893.60MB/2175.62MB)
Begin Static Power Report Generation
*----------------------------------------------------------------------------------------
*	Innovus 21.35-s114_1 (64bit) 10/13/2022 12:11 (Linux 3.10.0-693.el7.x86_64)
*	
*
* 	Date & Time:	2025-Dec-18 16:34:45 (2025-Dec-18 13:34:45 GMT)
*
*----------------------------------------------------------------------------------------
*
*	Design: custom_riscv_core
*
*	Liberty Libraries used:
*	        SINGLE_VIEW: ../pdk/sky130A/libs.ref/sky130_fd_sc_hd/lib/sky130_fd_sc_hd__tt_025C_1v80.lib
*
*	Parasitic Files used:
*
*       Power View : SINGLE_VIEW
*
*       User-Defined Activity : N.A.
*
*       Activity File: N.A.
*
*       Hierarchical Global Activity: N.A.
*
*       Global Activity: N.A.
*
*       Sequential Element Activity: 0.200000
*
*       Primary Input Activity: 0.200000
*
*       Default icg ratio: N.A.
*
*       Global Comb ClockGate Ratio: N.A.
*
*	Power Units = 1mW
*
*	Time Units = 1e-09 secs
*
*       report_power
*
-----------------------------------------------------------------------------------------
*



Total Power
-----------------------------------------------------------------------------------------
Total Internal Power:       12.31606921 	   62.1568%
Total Switching Power:       7.49839376 	   37.8429%
Total Leakage Power:         0.00004439 	    0.0002%
Total Power:                19.81450735
-----------------------------------------------------------------------------------------


Group                           Internal   Switching     Leakage       Total  Percentage 
                                Power      Power         Power         Power  (%)        
-----------------------------------------------------------------------------------------
Sequential                         9.604       1.019   1.822e-05       10.62       53.61
Macro                                  0           0           0           0           0
IO                                     0           0           0           0           0
Combinational                      1.769       3.176   2.502e-05       4.945       24.96
Clock (Combinational)             0.9432       3.303   1.146e-06       4.246       21.43
Clock (Sequential)                     0           0           0           0           0
-----------------------------------------------------------------------------------------
Total                              12.32       7.498   4.439e-05       19.81         100
-----------------------------------------------------------------------------------------


Rail                  Voltage   Internal   Switching     Leakage       Total  Percentage 
                                Power      Power         Power         Power  (%)        
-----------------------------------------------------------------------------------------
Default                   1.8      12.32       7.498   4.439e-05       19.81         100


Clock                           Internal   Switching     Leakage       Total  Percentage 
                                Power      Power         Power         Power  (%)        
-----------------------------------------------------------------------------------------
sys_clk                           0.9432       3.303   1.146e-06       4.246       21.43
-----------------------------------------------------------------------------------------
Total                             0.9432       3.303   1.146e-06       4.246       21.43
-----------------------------------------------------------------------------------------
Clock: sys_clk
Clock Period: 0.010000 usec 
Clock Toggle Rate:   200.0000 Mhz 
Clock Static Probability:  0.5000
  
 
 
-----------------------------------------------------------------------------------------
*	Power Distribution Summary: 
*              Highest Average Power:       CTS_ccl_a_inv_00011 (sky130_fd_sc_hd__clkinv_16):          0.07975
*              Highest Leakage Power:               FE_RC_448_0 (sky130_fd_sc_hd__nor2_8):        2.172e-08
*                Total Cap:      1.67654e-10 F
*                Total instances in design: 11618
*                Total instances in design with no power:     0
*                Total instances in design with no activty:     0

*                Total Fillers and Decap:     0
-----------------------------------------------------------------------------------------
 
** INFO:  (VOLTUS_POWR-3465): There are 0 decaps and 0 fillers in the design

Ended Static Power Report Generation: (cpu=0:00:00, real=0:00:00,
mem(process/total/peak)=1839.55MB/3893.60MB/2175.62MB)

