============================================================
  Generated by:           Genus(TM) Synthesis Solution 21.18-s082_1
  Generated on:           Dec 18 2025  12:04:47 pm
  Module:                 custom_riscv_core
  Operating conditions:   tt_025C_1v80 (balanced_tree)
  Wireload mode:          top
  Area mode:              timing library
============================================================

Timing
--------

 Clock   Period 
----------------
sys_clk 10000.0 


  Cost    Critical         Violating 
 Group   Path Slack  TNS     Paths   
-------------------------------------
default    No paths   0.0            
sys_clk         2.0   0.0          0 
-------------------------------------
Total                 0.0          0 

Instance Count
--------------
Leaf Instance Count             11035 
Physical Instance count             0 
Sequential Instance Count        2161 
Combinational Instance Count     8874 
Hierarchical Instance Count         0 

Area
----
Cell Area                          102472.027
Physical Cell Area                 0.000
Total Cell Area (Cell+Physical)    102472.027
Net Area                           0.000
Total Area (Cell+Physical+Net)     102472.027

Max Fanout                         2161 (clk)
Min Fanout                         1 (mdu_inst_add_143_40_n_1485)
Average Fanout                     2.9
Terms to net ratio                 3.8652
Terms to instance ratio            3.9415
Runtime                            240.89671300000003 seconds
Elapsed Runtime                    237 seconds
Genus peak memory usage            1842.41 
Innovus peak memory usage          no_value 
Hostname                           pc231.ee.hacettepe.edu.tr
