###############################################################
#  Generated by:      Cadence Innovus 21.35-s114_1
#  OS:                Linux x86_64(Host ID pc231.ee.hacettepe.edu.tr)
#  Generated on:      Thu Dec 18 16:34:40 2025
#  Design:            custom_riscv_core
#  Command:           report_timing -late > reports/setup_timing.rpt
###############################################################
Path 1: VIOLATED Setup Check with Pin regfile_inst_registers_reg[12][24]/CLK 
Endpoint:   regfile_inst_registers_reg[12][24]/D (v) checked with  leading edge 
of 'sys_clk'
Beginpoint: rst_n                                (v) triggered by  leading edge 
of 'sys_clk'
Path Groups: {sys_clk}
Analysis View: SINGLE_VIEW
Other End Arrival Time          1.791
- Setup                         0.137
+ Phase Shift                  10.000
- Uncertainty                   0.500
= Required Time                11.154
- Arrival Time                 11.815
= Slack Time                   -0.661
     Clock Rise Edge                      0.000
     + Input Delay                        2.000
     = Beginpoint Arrival Time            2.000
     +--------------------------------------------------------------------------------------------------------------+ 
     |              Instance              |      Arc      |            Cell            | Delay | Arrival | Required | 
     |                                    |               |                            |       |  Time   |   Time   | 
     |------------------------------------+---------------+----------------------------+-------+---------+----------| 
     |                                    | rst_n v       |                            |       |   2.000 |    1.339 | 
     | g165430                            | B v -> Y ^    | sky130_fd_sc_hd__nand2_1   | 8.026 |  10.026 |    9.365 | 
     | g164923                            | A ^ -> Y v    | sky130_fd_sc_hd__nand2_2   | 1.336 |  11.362 |   10.701 | 
     | g163884                            | A2_N v -> Y v | sky130_fd_sc_hd__o2bb2ai_1 | 0.453 |  11.815 |   11.154 | 
     | regfile_inst_registers_reg[12][24] | D v           | sky130_fd_sc_hd__dfxtp_1   | 0.000 |  11.815 |   11.154 | 
     +--------------------------------------------------------------------------------------------------------------+ 

